This file contains any messages produced by compilers while
running configure, to aid debugging if configure makes a mistake.

It was created by RtAudio configure 4.0, which was
generated by GNU Autoconf 2.61.  Invocation command line was

  $ ./configure --with-jack

## --------- ##
## Platform. ##
## --------- ##

hostname = xt2-nomad
uname -m = x86_64
uname -r = 2.6.38-10-generic
uname -s = Linux
uname -v = #46-Ubuntu SMP Tue Jun 28 15:07:17 UTC 2011

/usr/bin/uname -p = unknown
/bin/uname -X     = unknown

/bin/arch              = unknown
/usr/bin/arch -k       = unknown
/usr/convex/getsysinfo = unknown
/usr/bin/hostinfo      = unknown
/bin/machine           = unknown
/usr/bin/oslevel       = unknown
/bin/universe          = unknown

PATH: /usr/local/sbin
PATH: /usr/local/bin
PATH: /usr/sbin
PATH: /usr/bin
PATH: /sbin
PATH: /bin
PATH: /usr/games


## ----------- ##
## Core tests. ##
## ----------- ##

configure:1830: checking for g++
configure:1846: found /usr/bin/g++
configure:1857: result: g++
configure:1888: checking for C++ compiler version
configure:1895: g++ --version >&5
g++ (Ubuntu/Linaro 4.5.2-8ubuntu4) 4.5.2
Copyright (C) 2010 Free Software Foundation, Inc.
This is free software; see the source for copying conditions.  There is NO
warranty; not even for MERCHANTABILITY or FITNESS FOR A PARTICULAR PURPOSE.

configure:1898: $? = 0
configure:1905: g++ -v >&5
Using built-in specs.
COLLECT_GCC=g++
COLLECT_LTO_WRAPPER=/usr/lib/x86_64-linux-gnu/gcc/x86_64-linux-gnu/4.5.2/lto-wrapper
Target: x86_64-linux-gnu
Configured with: ../src/configure -v --with-pkgversion='Ubuntu/Linaro 4.5.2-8ubuntu4' --with-bugurl=file:///usr/share/doc/gcc-4.5/README.Bugs --enable-languages=c,c++,fortran,objc,obj-c++ --prefix=/usr --program-suffix=-4.5 --enable-shared --enable-multiarch --with-multiarch-defaults=x86_64-linux-gnu --enable-linker-build-id --with-system-zlib --libexecdir=/usr/lib/x86_64-linux-gnu --without-included-gettext --enable-threads=posix --with-gxx-include-dir=/usr/include/c++/4.5 --libdir=/usr/lib/x86_64-linux-gnu --enable-nls --with-sysroot=/ --enable-clocale=gnu --enable-libstdcxx-debug --enable-libstdcxx-time=yes --enable-plugin --enable-gold --enable-ld=default --with-plugin-ld=ld.gold --enable-objc-gc --disable-werror --with-arch-32=i686 --with-tune=generic --enable-checking=release --build=x86_64-linux-gnu --host=x86_64-linux-gnu --target=x86_64-linux-gnu
Thread model: posix
gcc version 4.5.2 (Ubuntu/Linaro 4.5.2-8ubuntu4) 
configure:1908: $? = 0
configure:1915: g++ -V >&5
g++: '-V' option must have argument
configure:1918: $? = 1
configure:1941: checking for C++ compiler default output file name
configure:1968: g++    conftest.cpp  >&5
configure:1971: $? = 0
configure:2009: result: a.out
configure:2026: checking whether the C++ compiler works
configure:2036: ./a.out
configure:2039: $? = 0
configure:2056: result: yes
configure:2063: checking whether we are cross compiling
configure:2065: result: no
configure:2068: checking for suffix of executables
configure:2075: g++ -o conftest    conftest.cpp  >&5
configure:2078: $? = 0
configure:2102: result: 
configure:2108: checking for suffix of object files
configure:2134: g++ -c   conftest.cpp >&5
configure:2137: $? = 0
configure:2160: result: o
configure:2164: checking whether we are using the GNU C++ compiler
configure:2193: g++ -c   conftest.cpp >&5
configure:2199: $? = 0
configure:2216: result: yes
configure:2221: checking whether g++ accepts -g
configure:2251: g++ -c -g  conftest.cpp >&5
configure:2257: $? = 0
configure:2356: result: yes
configure:2422: checking for ranlib
configure:2438: found /usr/bin/ranlib
configure:2449: result: ranlib
configure:2477: checking for ar
configure:2495: found /usr/bin/ar
configure:2508: result: /usr/bin/ar
configure:2571: checking for gcc
configure:2587: found /usr/bin/gcc
configure:2598: result: gcc
configure:2836: checking for C compiler version
configure:2843: gcc --version >&5
gcc (Ubuntu/Linaro 4.5.2-8ubuntu4) 4.5.2
Copyright (C) 2010 Free Software Foundation, Inc.
This is free software; see the source for copying conditions.  There is NO
warranty; not even for MERCHANTABILITY or FITNESS FOR A PARTICULAR PURPOSE.

configure:2846: $? = 0
configure:2853: gcc -v >&5
Using built-in specs.
COLLECT_GCC=gcc
COLLECT_LTO_WRAPPER=/usr/lib/x86_64-linux-gnu/gcc/x86_64-linux-gnu/4.5.2/lto-wrapper
Target: x86_64-linux-gnu
Configured with: ../src/configure -v --with-pkgversion='Ubuntu/Linaro 4.5.2-8ubuntu4' --with-bugurl=file:///usr/share/doc/gcc-4.5/README.Bugs --enable-languages=c,c++,fortran,objc,obj-c++ --prefix=/usr --program-suffix=-4.5 --enable-shared --enable-multiarch --with-multiarch-defaults=x86_64-linux-gnu --enable-linker-build-id --with-system-zlib --libexecdir=/usr/lib/x86_64-linux-gnu --without-included-gettext --enable-threads=posix --with-gxx-include-dir=/usr/include/c++/4.5 --libdir=/usr/lib/x86_64-linux-gnu --enable-nls --with-sysroot=/ --enable-clocale=gnu --enable-libstdcxx-debug --enable-libstdcxx-time=yes --enable-plugin --enable-gold --enable-ld=default --with-plugin-ld=ld.gold --enable-objc-gc --disable-werror --with-arch-32=i686 --with-tune=generic --enable-checking=release --build=x86_64-linux-gnu --host=x86_64-linux-gnu --target=x86_64-linux-gnu
Thread model: posix
gcc version 4.5.2 (Ubuntu/Linaro 4.5.2-8ubuntu4) 
configure:2856: $? = 0
configure:2863: gcc -V >&5
gcc: '-V' option must have argument
configure:2866: $? = 1
configure:2869: checking whether we are using the GNU C compiler
configure:2898: gcc -c   conftest.c >&5
configure:2904: $? = 0
configure:2921: result: yes
configure:2926: checking whether gcc accepts -g
configure:2956: gcc -c -g  conftest.c >&5
configure:2962: $? = 0
configure:3061: result: yes
configure:3078: checking for gcc option to accept ISO C89
configure:3152: gcc  -c -g -O2  conftest.c >&5
configure:3158: $? = 0
configure:3181: result: none needed
configure:3205: checking how to run the C preprocessor
configure:3245: gcc -E  conftest.c
configure:3251: $? = 0
configure:3282: gcc -E  conftest.c
conftest.c:8:28: fatal error: ac_nonexistent.h: No such file or directory
compilation terminated.
configure:3288: $? = 1
configure: failed program was:
| /* confdefs.h.  */
| #define PACKAGE_NAME "RtAudio"
| #define PACKAGE_TARNAME "rtaudio"
| #define PACKAGE_VERSION "4.0"
| #define PACKAGE_STRING "RtAudio 4.0"
| #define PACKAGE_BUGREPORT "gary@music.mcgill.ca"
| /* end confdefs.h.  */
| #include <ac_nonexistent.h>
configure:3321: result: gcc -E
configure:3350: gcc -E  conftest.c
configure:3356: $? = 0
configure:3387: gcc -E  conftest.c
conftest.c:8:28: fatal error: ac_nonexistent.h: No such file or directory
compilation terminated.
configure:3393: $? = 1
configure: failed program was:
| /* confdefs.h.  */
| #define PACKAGE_NAME "RtAudio"
| #define PACKAGE_TARNAME "rtaudio"
| #define PACKAGE_VERSION "4.0"
| #define PACKAGE_STRING "RtAudio 4.0"
| #define PACKAGE_BUGREPORT "gary@music.mcgill.ca"
| /* end confdefs.h.  */
| #include <ac_nonexistent.h>
configure:3431: checking for grep that handles long lines and -e
configure:3505: result: /bin/grep
configure:3510: checking for egrep
configure:3588: result: /bin/grep -E
configure:3593: checking for ANSI C header files
configure:3623: gcc -c -g -O2  conftest.c >&5
configure:3629: $? = 0
configure:3728: gcc -o conftest -g -O2   conftest.c  >&5
configure:3731: $? = 0
configure:3737: ./conftest
configure:3740: $? = 0
configure:3757: result: yes
configure:3781: checking for sys/types.h
configure:3802: gcc -c -g -O2  conftest.c >&5
configure:3808: $? = 0
configure:3824: result: yes
configure:3781: checking for sys/stat.h
configure:3802: gcc -c -g -O2  conftest.c >&5
configure:3808: $? = 0
configure:3824: result: yes
configure:3781: checking for stdlib.h
configure:3802: gcc -c -g -O2  conftest.c >&5
configure:3808: $? = 0
configure:3824: result: yes
configure:3781: checking for string.h
configure:3802: gcc -c -g -O2  conftest.c >&5
configure:3808: $? = 0
configure:3824: result: yes
configure:3781: checking for memory.h
configure:3802: gcc -c -g -O2  conftest.c >&5
configure:3808: $? = 0
configure:3824: result: yes
configure:3781: checking for strings.h
configure:3802: gcc -c -g -O2  conftest.c >&5
configure:3808: $? = 0
configure:3824: result: yes
configure:3781: checking for inttypes.h
configure:3802: gcc -c -g -O2  conftest.c >&5
configure:3808: $? = 0
configure:3824: result: yes
configure:3781: checking for stdint.h
configure:3802: gcc -c -g -O2  conftest.c >&5
configure:3808: $? = 0
configure:3824: result: yes
configure:3781: checking for unistd.h
configure:3802: gcc -c -g -O2  conftest.c >&5
configure:3808: $? = 0
configure:3824: result: yes
configure:3852: checking sys/ioctl.h usability
configure:3869: gcc -c -g -O2  conftest.c >&5
configure:3875: $? = 0
configure:3889: result: yes
configure:3893: checking sys/ioctl.h presence
configure:3908: gcc -E  conftest.c
configure:3914: $? = 0
configure:3928: result: yes
configure:3961: checking for sys/ioctl.h
configure:3969: result: yes
configure:3842: checking for unistd.h
configure:3848: result: yes
configure:3984: checking whether to compile debug version
configure:3997: result: no
configure:4004: checking for gettimeofday
configure:4060: gcc -o conftest -g -O2   conftest.c  >&5
configure:4066: $? = 0
configure:4083: result: yes
configure:4111: checking build system type
configure:4129: result: x86_64-unknown-linux-gnu
configure:4151: checking host system type
configure:4166: result: x86_64-unknown-linux-gnu
configure:4208: checking for audio API
configure:4299: result: using JACK
configure:4302: checking for jack_client_open in -ljack
configure:4337: gcc -o conftest -g -O2   -DHAVE_GETTIMEOFDAY  conftest.c -ljack   >&5
configure:4343: $? = 0
configure:4361: result: yes
configure:4377: checking for snd_pcm_open in -lasound
configure:4412: gcc -o conftest -g -O2   -DHAVE_GETTIMEOFDAY  conftest.c -lasound  -ljack  >&5
configure:4418: $? = 0
configure:4436: result: yes
configure:4635: checking for pthread_create in -lpthread
configure:4670: gcc -o conftest -g -O2   -DHAVE_GETTIMEOFDAY  conftest.c -lpthread  -lasound -ljack  >&5
configure:4676: $? = 0
configure:4694: result: yes
configure:5355: creating ./config.status

## ---------------------- ##
## Running config.status. ##
## ---------------------- ##

This file was extended by RtAudio config.status 4.0, which was
generated by GNU Autoconf 2.61.  Invocation command line was

  CONFIG_FILES    = 
  CONFIG_HEADERS  = 
  CONFIG_LINKS    = 
  CONFIG_COMMANDS = 
  $ ./config.status 

on xt2-nomad

config.status:598: creating rtaudio-config
config.status:598: creating Makefile
config.status:598: creating tests/Makefile

## ---------------- ##
## Cache variables. ##
## ---------------- ##

ac_cv_build=x86_64-unknown-linux-gnu
ac_cv_c_compiler_gnu=yes
ac_cv_cxx_compiler_gnu=yes
ac_cv_env_CCC_set=
ac_cv_env_CCC_value=
ac_cv_env_CC_set=
ac_cv_env_CC_value=
ac_cv_env_CFLAGS_set=
ac_cv_env_CFLAGS_value=
ac_cv_env_CPPFLAGS_set=
ac_cv_env_CPPFLAGS_value=
ac_cv_env_CPP_set=
ac_cv_env_CPP_value=
ac_cv_env_CXXFLAGS_set=
ac_cv_env_CXXFLAGS_value=
ac_cv_env_CXX_set=
ac_cv_env_CXX_value=
ac_cv_env_LDFLAGS_set=
ac_cv_env_LDFLAGS_value=
ac_cv_env_LIBS_set=
ac_cv_env_LIBS_value=
ac_cv_env_build_alias_set=
ac_cv_env_build_alias_value=
ac_cv_env_host_alias_set=
ac_cv_env_host_alias_value=
ac_cv_env_target_alias_set=
ac_cv_env_target_alias_value=
ac_cv_func_gettimeofday=yes
ac_cv_header_inttypes_h=yes
ac_cv_header_memory_h=yes
ac_cv_header_stdc=yes
ac_cv_header_stdint_h=yes
ac_cv_header_stdlib_h=yes
ac_cv_header_string_h=yes
ac_cv_header_strings_h=yes
ac_cv_header_sys_ioctl_h=yes
ac_cv_header_sys_stat_h=yes
ac_cv_header_sys_types_h=yes
ac_cv_header_unistd_h=yes
ac_cv_host=x86_64-unknown-linux-gnu
ac_cv_lib_asound_snd_pcm_open=yes
ac_cv_lib_jack_jack_client_open=yes
ac_cv_lib_pthread_pthread_create=yes
ac_cv_objext=o
ac_cv_path_AR=/usr/bin/ar
ac_cv_path_EGREP='/bin/grep -E'
ac_cv_path_GREP=/bin/grep
ac_cv_prog_CPP='gcc -E'
ac_cv_prog_ac_ct_CC=gcc
ac_cv_prog_ac_ct_CXX=g++
ac_cv_prog_ac_ct_RANLIB=ranlib
ac_cv_prog_cc_c89=
ac_cv_prog_cc_g=yes
ac_cv_prog_cxx_g=yes

## ----------------- ##
## Output variables. ##
## ----------------- ##

AR='/usr/bin/ar'
CC='gcc'
CFLAGS='-g -O2'
CPP='gcc -E'
CPPFLAGS='  -DHAVE_GETTIMEOFDAY  -D__UNIX_JACK__'
CXX='g++'
CXXFLAGS='-O2 -Wall'
DEFS='-DPACKAGE_NAME=\"RtAudio\" -DPACKAGE_TARNAME=\"rtaudio\" -DPACKAGE_VERSION=\"4.0\" -DPACKAGE_STRING=\"RtAudio\ 4.0\" -DPACKAGE_BUGREPORT=\"gary@music.mcgill.ca\" -DSTDC_HEADERS=1 -DHAVE_SYS_TYPES_H=1 -DHAVE_SYS_STAT_H=1 -DHAVE_STDLIB_H=1 -DHAVE_STRING_H=1 -DHAVE_MEMORY_H=1 -DHAVE_STRINGS_H=1 -DHAVE_INTTYPES_H=1 -DHAVE_STDINT_H=1 -DHAVE_UNISTD_H=1 -DHAVE_SYS_IOCTL_H=1 -DHAVE_UNISTD_H=1 -DHAVE_LIBJACK=1 -DHAVE_LIBASOUND=1 -DHAVE_LIBPTHREAD=1'
ECHO_C=''
ECHO_N='-n'
ECHO_T=''
EGREP='/bin/grep -E'
EXEEXT=''
GREP='/bin/grep'
GXX='yes'
LDFLAGS=''
LIBOBJS=''
LIBS='-lpthread -lasound -ljack '
LTLIBOBJS=''
OBJEXT='o'
PACKAGE_BUGREPORT='gary@music.mcgill.ca'
PACKAGE_NAME='RtAudio'
PACKAGE_STRING='RtAudio 4.0'
PACKAGE_TARNAME='rtaudio'
PACKAGE_VERSION='4.0'
PATH_SEPARATOR=':'
RANLIB='ranlib'
SHELL='/bin/bash'
ac_ct_CC='gcc'
ac_ct_CXX='g++'
api=' -D__UNIX_JACK__'
bindir='${exec_prefix}/bin'
build='x86_64-unknown-linux-gnu'
build_alias=''
build_cpu='x86_64'
build_os='linux-gnu'
build_vendor='unknown'
cppflag=' -DHAVE_GETTIMEOFDAY'
cxxflag='-Wall'
datadir='${datarootdir}'
datarootdir='${prefix}/share'
docdir='${datarootdir}/doc/${PACKAGE_TARNAME}'
dvidir='${docdir}'
exec_prefix='${prefix}'
host='x86_64-unknown-linux-gnu'
host_alias=''
host_cpu='x86_64'
host_os='linux-gnu'
host_vendor='unknown'
htmldir='${docdir}'
includedir='${prefix}/include'
infodir='${datarootdir}/info'
libdir='${exec_prefix}/lib'
libexecdir='${exec_prefix}/libexec'
libflags='-shared -Wl,-soname,$(SHAREDLIB).$(MAJOR) -o $(SHAREDLIB).$(RELEASE)'
localedir='${datarootdir}/locale'
localstatedir='${prefix}/var'
mandir='${datarootdir}/man'
object_path='Release'
objects=''
oldincludedir='/usr/include'
pdfdir='${docdir}'
prefix='/usr/local'
program_transform_name='s,x,x,'
psdir='${docdir}'
sbindir='${exec_prefix}/sbin'
sharedlib='librtaudio.so'
sharedname='librtaudio.so.$(RELEASE)'
sharedstatedir='${prefix}/com'
sysconfdir='${prefix}/etc'
target_alias=''

## ----------- ##
## confdefs.h. ##
## ----------- ##

#define PACKAGE_NAME "RtAudio"
#define PACKAGE_TARNAME "rtaudio"
#define PACKAGE_VERSION "4.0"
#define PACKAGE_STRING "RtAudio 4.0"
#define PACKAGE_BUGREPORT "gary@music.mcgill.ca"
#define STDC_HEADERS 1
#define HAVE_SYS_TYPES_H 1
#define HAVE_SYS_STAT_H 1
#define HAVE_STDLIB_H 1
#define HAVE_STRING_H 1
#define HAVE_MEMORY_H 1
#define HAVE_STRINGS_H 1
#define HAVE_INTTYPES_H 1
#define HAVE_STDINT_H 1
#define HAVE_UNISTD_H 1
#define HAVE_SYS_IOCTL_H 1
#define HAVE_UNISTD_H 1
#define HAVE_LIBJACK 1
#define HAVE_LIBASOUND 1
#define HAVE_LIBPTHREAD 1

configure: exit 0
